<?xml version="1.0" encoding="UTF-8"?>
<!-- Generated by org.testng.reporters.JUnitXMLReporter -->
<testsuite hostname="KSI049" ignored="0" name="Default test" tests="3" failures="0" timestamp="17 Jul 2019 11:46:01 GMT" time="7.626" errors="0">
  <testcase name="login" time="3.222" classname="orangeHRM.ProjectHRM.AppTest"/>
  <testcase name="verifyAdminFunctionality" time="4.381" classname="orangeHRM.ProjectHRM.AppTest"/>
  <testcase name="verifysearchbyusername" time="0.0" classname="orangeHRM.ProjectHRM.AppTest"/>
</testsuite> <!-- Default test -->
